<?xml version="1.0" encoding="UTF-8"?>
<!-- Generated by org.testng.reporters.JUnitReportReporter -->
<testsuite skipped="0" name="com.d11.test.ReactDatePicker" tests="1" failures="0" timestamp="18 May 2018 09:00:53 GMT" time="19.352" errors="0">
  <testcase name="getD11PlayerStats" time="19.352" classname="com.d11.test.ReactDatePicker"/>
</testsuite> <!-- com.d11.test.ReactDatePicker -->
