<?xml version="1.0" encoding="UTF-8"?>
<!-- Generated by org.testng.reporters.JUnitReportReporter -->
<testsuite skipped="0" name="com.d11.test.GetPlayerStats" tests="1" failures="0" timestamp="25 Apr 2018 20:42:05 GMT" time="74.630" errors="0">
  <testcase name="getMatchesStats" time="74.630" classname="com.d11.test.GetPlayerStats"/>
</testsuite> <!-- com.d11.test.GetPlayerStats -->
