<?xml version="1.0" encoding="UTF-8"?>
<!-- Generated by org.testng.reporters.JUnitReportReporter -->
<testsuite skipped="2" name="com.d11.test.GetPlayerStats" tests="3" failures="0" timestamp="23 Apr 2018 10:05:47 GMT" time="386.890" errors="0">
  <testcase name="getPlayerStats" time="386.890" classname="com.d11.test.GetPlayerStats"/>
  <testcase name="getAR" classname="com.d11.test.GetPlayerStats">
    <skipped/>
  </testcase> <!-- getAR -->
  <testcase name="getLiveResults" classname="com.d11.test.GetPlayerStats">
    <skipped/>
  </testcase> <!-- getLiveResults -->
</testsuite> <!-- com.d11.test.GetPlayerStats -->
