<?xml version="1.0" encoding="UTF-8"?>
<!-- Generated by org.testng.reporters.JUnitReportReporter -->
<testsuite skipped="0" name="com.d11.test.GetPlayerStats" tests="1" failures="0" timestamp="21 Apr 2018 08:25:16 GMT" time="490.135" errors="0">
  <testcase name="getPlayerStats" time="490.135" classname="com.d11.test.GetPlayerStats"/>
</testsuite> <!-- com.d11.test.GetPlayerStats -->
