<?xml version="1.0" encoding="UTF-8"?>
<!-- Generated by org.testng.reporters.JUnitReportReporter -->
<testsuite skipped="0" name="com.d11.test.GetPlayerStats" tests="1" failures="0" timestamp="20 Apr 2018 17:55:00 GMT" time="529.517" errors="0">
  <testcase name="getPlayerStats" time="529.517" classname="com.d11.test.GetPlayerStats"/>
</testsuite> <!-- com.d11.test.GetPlayerStats -->
