<?xml version="1.0" encoding="UTF-8"?>
<!-- Generated by org.testng.reporters.JUnitReportReporter -->
<testsuite skipped="0" name="com.d11.test.GetPlayerStats" tests="1" failures="0" timestamp="21 Apr 2018 16:36:45 GMT" time="530.174" errors="0">
  <testcase name="getPlayerStats" time="530.174" classname="com.d11.test.GetPlayerStats"/>
</testsuite> <!-- com.d11.test.GetPlayerStats -->
