<?xml version="1.0" encoding="UTF-8"?>
<!-- Generated by org.testng.reporters.JUnitReportReporter -->
<testsuite skipped="0" hostname="a3v-r39" name="com.d11.test.UnDeuxTrois" tests="1" failures="0" timestamp="25 May 2018 11:07:38 GMT" time="214.946" errors="0">
  <testcase name="getUnDeuxTroisStats" time="214.946" classname="com.d11.test.UnDeuxTrois"/>
</testsuite> <!-- com.d11.test.UnDeuxTrois -->
