<?xml version="1.0" encoding="UTF-8"?>
<!-- Generated by org.testng.reporters.JUnitReportReporter -->
<testsuite skipped="0" hostname="a3v-r39" name="com.d11.test.GetPlayerStats" tests="1" failures="0" timestamp="30 Apr 2018 11:16:17 GMT" time="271.846" errors="0">
  <testcase name="getD11PlayerStats" time="271.846" classname="com.d11.test.GetPlayerStats"/>
</testsuite> <!-- com.d11.test.GetPlayerStats -->
