<?xml version="1.0" encoding="UTF-8"?>
<!-- Generated by org.testng.reporters.JUnitReportReporter -->
<testsuite skipped="0" name="com.d11.test.GetPlayerStats" tests="1" failures="0" timestamp="20 Apr 2018 18:18:44 GMT" time="437.406" errors="0">
  <testcase name="getPlayerStats" time="437.406" classname="com.d11.test.GetPlayerStats"/>
</testsuite> <!-- com.d11.test.GetPlayerStats -->
