<?xml version="1.0" encoding="UTF-8"?>
<!-- Generated by org.testng.reporters.JUnitReportReporter -->
<testsuite skipped="0" hostname="a3v-r39" name="com.d11.test.GetPlayerStats" tests="1" failures="0" timestamp="28 May 2018 06:00:01 GMT" time="1978.373" errors="0">
  <testcase name="getD11MoneyStats" time="1978.373" classname="com.d11.test.GetPlayerStats"/>
</testsuite> <!-- com.d11.test.GetPlayerStats -->
