<?xml version="1.0" encoding="UTF-8"?>
<!-- Generated by org.testng.reporters.JUnitReportReporter -->
<testsuite skipped="0" hostname="a3v-r39" name="com.d11.test.GetPlayerStats" tests="1" failures="0" timestamp="24 May 2018 05:53:22 GMT" time="318.374" errors="0">
  <testcase name="getD11PlayerStats" time="318.374" classname="com.d11.test.GetPlayerStats"/>
</testsuite> <!-- com.d11.test.GetPlayerStats -->
