<?xml version="1.0" encoding="UTF-8"?>
<!-- Generated by org.testng.reporters.JUnitReportReporter -->
<testsuite skipped="1" name="com.d11.test.GetPlayerStats" tests="2" failures="0" timestamp="22 Apr 2018 16:22:32 GMT" time="255.191" errors="0">
  <testcase name="getLiveResults" time="255.191" classname="com.d11.test.GetPlayerStats"/>
  <testcase name="getPlayerStats" classname="com.d11.test.GetPlayerStats">
    <skipped/>
  </testcase> <!-- getPlayerStats -->
</testsuite> <!-- com.d11.test.GetPlayerStats -->
