<?xml version="1.0" encoding="UTF-8"?>
<!-- Generated by org.testng.reporters.JUnitReportReporter -->
<testsuite skipped="0" hostname="a3v-r39" name="com.d11.test.UnDeuxTrois" tests="1" failures="0" timestamp="21 Jun 2018 05:23:31 GMT" time="78.332" errors="0">
  <testcase name="getUnDeuxTroisStats" time="78.332" classname="com.d11.test.UnDeuxTrois"/>
</testsuite> <!-- com.d11.test.UnDeuxTrois -->
