<?xml version="1.0" encoding="UTF-8"?>
<!-- Generated by org.testng.reporters.JUnitReportReporter -->
<testsuite skipped="0" hostname="a3v-r39" name="com.d11.test.UnDeuxTrois" tests="1" failures="0" timestamp="25 May 2018 15:41:07 GMT" time="18.968" errors="0">
  <testcase name="getUnDeuxTroisStats" time="18.968" classname="com.d11.test.UnDeuxTrois"/>
</testsuite> <!-- com.d11.test.UnDeuxTrois -->
